2025-09-02 14:55:05,059 [INFO] Custom dark theme CSS generated successfully.
2025-09-02 14:55:05,064 [INFO] Home page displayed successfully.
2025-09-02 14:55:20,159 [INFO] Custom dark theme CSS generated successfully.
2025-09-02 14:55:20,165 [INFO] Home page displayed successfully.
2025-09-02 14:55:20,185 [INFO] Loaded data with shape (1338, 7)
2025-09-02 14:55:20,186 [INFO] Insurance sample dataset loaded and session state updated.
2025-09-02 14:55:22,313 [INFO] Loaded data with shape (1338, 7)
2025-09-02 14:55:22,314 [INFO] Insurance sample dataset loaded and session state updated.
2025-09-02 14:55:22,319 [INFO] Identified 3 numerical and 4 categorical columns
2025-09-02 14:55:35,593 [INFO] Loaded data with shape (1338, 7)
2025-09-02 14:55:35,593 [INFO] Insurance sample dataset loaded and session state updated.
2025-09-02 14:55:35,764 [INFO] Detected 0 outliers in age using z-score
2025-09-02 14:55:52,980 [INFO] Loaded data with shape (1338, 7)
2025-09-02 14:55:52,980 [INFO] Insurance sample dataset loaded and session state updated.
2025-09-02 14:55:53,119 [INFO] Detected 0 outliers in age using z-score
2025-09-02 14:55:53,683 [INFO] Loaded data with shape (1338, 7)
2025-09-02 14:55:53,683 [INFO] Insurance sample dataset loaded and session state updated.
2025-09-02 14:55:53,872 [INFO] Detected 0 outliers in age using z-score
2025-09-02 14:55:54,296 [INFO] Loaded data with shape (1338, 7)
2025-09-02 14:55:54,297 [INFO] Insurance sample dataset loaded and session state updated.
2025-09-02 14:55:54,446 [INFO] Detected 0 outliers in age using z-score
2025-09-02 14:55:56,979 [INFO] Loaded data with shape (1338, 7)
2025-09-02 14:55:56,979 [INFO] Insurance sample dataset loaded and session state updated.
2025-09-02 14:55:57,127 [INFO] Detected 0 outliers in age using z-score
2025-09-02 14:55:57,812 [INFO] Loaded data with shape (1338, 7)
2025-09-02 14:55:57,812 [INFO] Insurance sample dataset loaded and session state updated.
2025-09-02 14:55:57,827 [INFO] Label encoded columns: ['sex', 'smoker', 'region']
2025-09-02 14:55:57,828 [INFO] Label encoding applied to columns: ['sex', 'smoker', 'region']
2025-09-02 14:55:57,989 [INFO] Detected 0 outliers in age using z-score
2025-09-02 14:56:04,836 [INFO] Loaded data with shape (1338, 7)
2025-09-02 14:56:04,836 [INFO] Insurance sample dataset loaded and session state updated.
2025-09-02 14:56:10,364 [INFO] Loaded data with shape (1338, 7)
2025-09-02 14:56:10,365 [INFO] Insurance sample dataset loaded and session state updated.
2025-09-02 14:56:18,130 [INFO] Loaded data with shape (1338, 7)
2025-09-02 14:56:18,130 [INFO] Insurance sample dataset loaded and session state updated.
2025-09-02 14:56:19,152 [INFO] Loaded data with shape (1338, 7)
2025-09-02 14:56:19,152 [INFO] Insurance sample dataset loaded and session state updated.
2025-09-02 14:56:19,162 [INFO] Data split: (1070, 6), (268, 6)
2025-09-02 14:56:19,726 [INFO] Trained Random Forest regressor.
2025-09-02 14:56:19,748 [INFO] Regression MSE: 29.906492164179106, RMSE: 5.468682854598455, MAE: 2.695634328358209, R2: 0.8460496877889027, Explained Variance: 0.8466144660209414
2025-09-02 14:57:24,078 [INFO] Custom dark theme CSS generated successfully.
2025-09-02 14:57:24,081 [INFO] Home page displayed successfully.
2025-09-02 14:57:29,081 [INFO] Custom dark theme CSS generated successfully.
2025-09-02 14:57:29,087 [INFO] Home page displayed successfully.
2025-09-02 14:57:29,111 [INFO] Loaded data with shape (891, 12)
2025-09-02 14:57:29,111 [INFO] Titanic sample dataset loaded and session state updated.
2025-09-02 14:57:31,072 [INFO] Loaded data with shape (891, 12)
2025-09-02 14:57:31,073 [INFO] Titanic sample dataset loaded and session state updated.
2025-09-02 14:57:31,256 [INFO] Detected 0 outliers in PassengerId using z-score
2025-09-02 19:19:46,474 [INFO] Custom dark theme CSS generated successfully.
2025-09-02 19:19:46,475 [INFO] Home page displayed successfully.
2025-09-02 19:20:17,006 [INFO] Custom dark theme CSS generated successfully.
2025-09-02 19:20:17,008 [INFO] Home page displayed successfully.
2025-09-02 19:20:25,286 [INFO] Custom dark theme CSS generated successfully.
2025-09-02 19:20:25,287 [INFO] Home page displayed successfully.
2025-09-02 19:20:40,080 [INFO] Loaded data with shape (891, 12)
2025-09-02 19:20:40,080 [INFO] Titanic sample dataset loaded and session state updated.
2025-09-02 19:20:40,085 [INFO] Identified 3 numerical and 9 categorical columns
2025-09-02 19:21:12,908 [INFO] Loaded data with shape (891, 12)
2025-09-02 19:21:12,908 [INFO] Titanic sample dataset loaded and session state updated.
2025-09-02 19:21:13,037 [INFO] Detected 0 outliers in PassengerId using z-score
2025-09-02 19:21:15,187 [INFO] Loaded data with shape (891, 12)
2025-09-02 19:21:15,188 [INFO] Titanic sample dataset loaded and session state updated.
2025-09-02 19:21:19,223 [INFO] Loaded data with shape (1338, 7)
2025-09-02 19:21:19,223 [INFO] Insurance sample dataset loaded and session state updated.
2025-09-02 19:21:22,337 [INFO] Loaded data with shape (1338, 7)
2025-09-02 19:21:22,337 [INFO] Insurance sample dataset loaded and session state updated.
2025-09-02 19:21:22,415 [INFO] Detected 0 outliers in PassengerId using z-score
2025-09-02 19:21:23,030 [INFO] Loaded data with shape (1338, 7)
2025-09-02 19:21:23,031 [INFO] Insurance sample dataset loaded and session state updated.
2025-09-02 19:21:23,032 [INFO] Identified 3 numerical and 4 categorical columns
2025-09-02 19:22:18,560 [INFO] Loaded data with shape (1338, 7)
2025-09-02 19:22:18,560 [INFO] Insurance sample dataset loaded and session state updated.
2025-09-02 19:22:18,654 [INFO] Detected 0 outliers in PassengerId using z-score
2025-09-02 19:22:19,934 [INFO] Loaded data with shape (1338, 7)
2025-09-02 19:22:19,935 [INFO] Insurance sample dataset loaded and session state updated.
2025-09-02 19:22:19,936 [INFO] Identified 3 numerical and 4 categorical columns
2025-09-02 19:22:30,539 [INFO] Loaded data with shape (1338, 7)
2025-09-02 19:22:30,539 [INFO] Insurance sample dataset loaded and session state updated.
2025-09-02 19:22:31,201 [INFO] Loaded data with shape (1338, 7)
2025-09-02 19:22:31,201 [INFO] Insurance sample dataset loaded and session state updated.
2025-09-02 19:22:31,822 [INFO] Loaded data with shape (1338, 7)
2025-09-02 19:22:31,823 [INFO] Insurance sample dataset loaded and session state updated.
2025-09-02 19:22:31,953 [INFO] Detected 0 outliers in PassengerId using z-score
2025-09-02 19:22:32,469 [INFO] Loaded data with shape (1338, 7)
2025-09-02 19:22:32,469 [INFO] Insurance sample dataset loaded and session state updated.
2025-09-02 19:22:32,472 [INFO] Identified 3 numerical and 4 categorical columns
2025-09-02 19:22:33,469 [INFO] Custom dark theme CSS generated successfully.
2025-09-02 19:22:33,472 [INFO] Home page displayed successfully.
2025-09-02 19:22:33,478 [INFO] Loaded data with shape (1338, 7)
2025-09-02 19:22:33,478 [INFO] Insurance sample dataset loaded and session state updated.
